# JRE version: OpenJDK Runtime Environment (21.0.7) (build 21.0.7+-13880790-b1038.58)
# Java VM: OpenJDK 64-Bit Server VM (21.0.7+-13880790-b1038.58, mixed mode, tiered, compressed oops, compressed class ptrs, g1 gc, windows-amd64)
GC Precious Log:
 CardTable entry size: 512
 Card Set container configuration: InlinePtr #cards 5 size 8 Array Of Cards #cards 12 size 40 Howl #buckets 4 coarsen threshold 1843 Howl Bitmap #cards 512 size 80 coarsen threshold 460 Card regions per heap region 1 cards per card region 2048
 CPUs: 12 total, 12 available
 Memory: 7631M
 Large Page Support: Disabled
 NUMA Support: Disabled
 Compressed Oops: Enabled (32-bit)
 Heap Region Size: 1M
 Heap Min Capacity: 8M
 Heap Initial Capacity: 120M
 Heap Max Capacity: 2G
 Pre-touch: Disabled
 Parallel Workers: 10
 Concurrent Workers: 3
 Concurrent Refinement Workers: 10
 Periodic GC: Disabled
Heap:
 garbage-first heap   total 299008K, used 190040K [0x0000000080000000, 0x0000000100000000)
  region size 1024K, 9 young (9216K), 9 survivors (9216K)
 Metaspace       used 156335K, committed 158848K, reserved 1245184K
  class space    used 21890K, committed 23104K, reserved 1048576K
GC Heap History (20 events):
Event: 677.398 GC heap after
{Heap after GC invocations=62 (full 0):
 garbage-first heap   total 263168K, used 164038K [0x0000000080000000, 0x0000000100000000)
  region size 1024K, 7 young (7168K), 7 survivors (7168K)
 Metaspace       used 154231K, committed 156672K, reserved 1245184K
  class space    used 21795K, committed 22976K, reserved 1048576K
}
Event: 734.277 GC heap before
{Heap before GC invocations=62 (full 0):
 garbage-first heap   total 263168K, used 261318K [0x0000000080000000, 0x0000000100000000)
  region size 1024K, 81 young (82944K), 7 survivors (7168K)
 Metaspace       used 154796K, committed 157184K, reserved 1245184K
  class space    used 21801K, committed 22976K, reserved 1048576K
}
Event: 734.324 GC heap after
{Heap after GC invocations=63 (full 0):
 garbage-first heap   total 271360K, used 163833K [0x0000000080000000, 0x0000000100000000)
  region size 1024K, 5 young (5120K), 5 survivors (5120K)
 Metaspace       used 154796K, committed 157184K, reserved 1245184K
  class space    used 21801K, committed 22976K, reserved 1048576K
}
Event: 742.010 GC heap before
{Heap before GC invocations=63 (full 0):
 garbage-first heap   total 271360K, used 248825K [0x0000000080000000, 0x0000000100000000)
  region size 1024K, 89 young (91136K), 5 survivors (5120K)
 Metaspace       used 155102K, committed 157568K, reserved 1245184K
  class space    used 21807K, committed 23040K, reserved 1048576K
}
Event: 742.083 GC heap after
{Heap after GC invocations=64 (full 0):
 garbage-first heap   total 271360K, used 174280K [0x0000000080000000, 0x0000000100000000)
  region size 1024K, 12 young (12288K), 12 survivors (12288K)
 Metaspace       used 155102K, committed 157568K, reserved 1245184K
  class space    used 21807K, committed 23040K, reserved 1048576K
}
Event: 1148.882 GC heap before
{Heap before GC invocations=64 (full 0):
 garbage-first heap   total 271360K, used 243912K [0x0000000080000000, 0x0000000100000000)
  region size 1024K, 80 young (81920K), 12 survivors (12288K)
 Metaspace       used 155262K, committed 157760K, reserved 1245184K
  class space    used 21808K, committed 23040K, reserved 1048576K
}
Event: 1149.240 GC heap after
{Heap after GC invocations=65 (full 0):
 garbage-first heap   total 271360K, used 178956K [0x0000000080000000, 0x0000000100000000)
  region size 1024K, 5 young (5120K), 5 survivors (5120K)
 Metaspace       used 155262K, committed 157760K, reserved 1245184K
  class space    used 21808K, committed 23040K, reserved 1048576K
}
Event: 1249.938 GC heap before
{Heap before GC invocations=66 (full 0):
 garbage-first heap   total 299008K, used 249612K [0x0000000080000000, 0x0000000100000000)
  region size 1024K, 74 young (75776K), 5 survivors (5120K)
 Metaspace       used 155471K, committed 157952K, reserved 1245184K
  class space    used 21809K, committed 23040K, reserved 1048576K
}
Event: 1250.887 GC heap after
{Heap after GC invocations=67 (full 0):
 garbage-first heap   total 299008K, used 177778K [0x0000000080000000, 0x0000000100000000)
  region size 1024K, 4 young (4096K), 4 survivors (4096K)
 Metaspace       used 155471K, committed 157952K, reserved 1245184K
  class space    used 21809K, committed 23040K, reserved 1048576K
}
Event: 1251.801 GC heap before
{Heap before GC invocations=67 (full 0):
 garbage-first heap   total 299008K, used 188018K [0x0000000080000000, 0x0000000100000000)
  region size 1024K, 14 young (14336K), 4 survivors (4096K)
 Metaspace       used 155471K, committed 157952K, reserved 1245184K
  class space    used 21809K, committed 23040K, reserved 1048576K
}
Event: 1251.986 GC heap after
{Heap after GC invocations=68 (full 0):
 garbage-first heap   total 299008K, used 175444K [0x0000000080000000, 0x0000000100000000)
  region size 1024K, 1 young (1024K), 1 survivors (1024K)
 Metaspace       used 155471K, committed 157952K, reserved 1245184K
  class space    used 21809K, committed 23040K, reserved 1048576K
}
Event: 1262.470 GC heap before
{Heap before GC invocations=68 (full 0):
 garbage-first heap   total 299008K, used 201044K [0x0000000080000000, 0x0000000100000000)
  region size 1024K, 27 young (27648K), 1 survivors (1024K)
 Metaspace       used 155506K, committed 157952K, reserved 1245184K
  class space    used 21809K, committed 23040K, reserved 1048576K
}
Event: 1262.532 GC heap after
{Heap after GC invocations=69 (full 0):
 garbage-first heap   total 299008K, used 176483K [0x0000000080000000, 0x0000000100000000)
  region size 1024K, 4 young (4096K), 4 survivors (4096K)
 Metaspace       used 155506K, committed 157952K, reserved 1245184K
  class space    used 21809K, committed 23040K, reserved 1048576K
}
Event: 1263.157 GC heap before
{Heap before GC invocations=69 (full 0):
 garbage-first heap   total 299008K, used 187747K [0x0000000080000000, 0x0000000100000000)
  region size 1024K, 15 young (15360K), 4 survivors (4096K)
 Metaspace       used 155516K, committed 157952K, reserved 1245184K
  class space    used 21809K, committed 23040K, reserved 1048576K
}
Event: 1263.214 GC heap after
{Heap after GC invocations=70 (full 0):
 garbage-first heap   total 299008K, used 176096K [0x0000000080000000, 0x0000000100000000)
  region size 1024K, 2 young (2048K), 2 survivors (2048K)
 Metaspace       used 155516K, committed 157952K, reserved 1245184K
  class space    used 21809K, committed 23040K, reserved 1048576K
}
Event: 1268.915 GC heap before
{Heap before GC invocations=70 (full 0):
 garbage-first heap   total 299008K, used 250848K [0x0000000080000000, 0x0000000100000000)
  region size 1024K, 75 young (76800K), 2 survivors (2048K)
 Metaspace       used 155685K, committed 158144K, reserved 1245184K
  class space    used 21813K, committed 23040K, reserved 1048576K
}
Event: 1269.080 GC heap after
{Heap after GC invocations=71 (full 0):
 garbage-first heap   total 299008K, used 181799K [0x0000000080000000, 0x0000000100000000)
  region size 1024K, 8 young (8192K), 8 survivors (8192K)
 Metaspace       used 155685K, committed 158144K, reserved 1245184K
  class space    used 21813K, committed 23040K, reserved 1048576K
}
Event: 1269.104 GC heap before
{Heap before GC invocations=71 (full 0):
 garbage-first heap   total 299008K, used 187943K [0x0000000080000000, 0x0000000100000000)
  region size 1024K, 14 young (14336K), 8 survivors (8192K)
 Metaspace       used 155685K, committed 158144K, reserved 1245184K
  class space    used 21813K, committed 23040K, reserved 1048576K
}
Event: 1269.347 GC heap after
{Heap after GC invocations=72 (full 0):
 garbage-first heap   total 299008K, used 181338K [0x0000000080000000, 0x0000000100000000)
  region size 1024K, 1 young (1024K), 1 survivors (1024K)
 Metaspace       used 155685K, committed 158144K, reserved 1245184K
  class space    used 21813K, committed 23040K, reserved 1048576K
}
Event: 1296.158 GC heap before
{Heap before GC invocations=72 (full 0):
 garbage-first heap   total 299008K, used 247898K [0x0000000080000000, 0x0000000100000000)
  region size 1024K, 67 young (68608K), 1 survivors (1024K)
 Metaspace       used 156335K, committed 158848K, reserved 1245184K
  class space    used 21890K, committed 23104K, reserved 1048576K
}

